<?xml version="1.0" encoding="UTF-8"?>
<!-- Generated by org.testng.reporters.JUnitReportReporter -->
<testsuite hostname="LAPTOP-9Q884E7O" failures="0" tests="1" name="com.trinity.Maven.TestCases" time="0.015" errors="0" timestamp="17 Apr 2024 22:21:21 GMT" skipped="0">
  <testcase classname="com.trinity.Maven.TestCases" name="m1" time="0.015"/>
</testsuite> <!-- com.trinity.Maven.TestCases -->
